<?xml version="1.0" encoding="UTF-8"?>
<testng-results ignored="0" total="2" passed="2" failed="0" skipped="0">
  <reporter-output>
  </reporter-output>
  <suite started-at="2025-03-26T02:55:13 IST" name="Default suite" finished-at="2025-03-26T02:55:50 IST" duration-ms="36877">
    <groups>
    </groups>
    <test started-at="2025-03-26T02:55:13 IST" name="Default test" finished-at="2025-03-26T02:55:50 IST" duration-ms="36877">
      <class name="testCases.TC1">
        <test-method signature="HomeScreen()[pri:1, instance:testCases.TC1@25a6944c]" started-at="2025-03-26T02:55:13 IST" name="HomeScreen" finished-at="2025-03-26T02:55:32 IST" duration-ms="19040" status="PASS">
          <reporter-output>
          </reporter-output>
        </test-method> <!-- HomeScreen -->
        <test-method signature="PaymentScreen()[pri:2, instance:testCases.TC1@25a6944c]" started-at="2025-03-26T02:55:32 IST" name="PaymentScreen" finished-at="2025-03-26T02:55:49 IST" duration-ms="16904" status="PASS">
          <reporter-output>
          </reporter-output>
        </test-method> <!-- PaymentScreen -->
      </class> <!-- testCases.TC1 -->
    </test> <!-- Default test -->
  </suite> <!-- Default suite -->
</testng-results>
